[223月2019 12:18:24.234] [main/INFO] [cpw.mods.modlauncher.Launcher/MODLAUNCHER]: ModLauncher running: args []
[223月2019 12:18:24.239] [main/INFO] [cpw.mods.modlauncher.Launcher/MODLAUNCHER]: ModLauncher starting: java version 11.0.2
[223月2019 12:18:24.303] [main/DEBUG] [cpw.mods.modlauncher.LaunchServiceHandler/MODLAUNCHER]: Found launch services [minecraft,fmldevclient,fmldevserver,fmluserdevserver,testharness,fmlclient,fmluserdevclient,fmlserver]
[223月2019 12:18:24.322] [main/DEBUG] [cpw.mods.modlauncher.TransformationServicesHandler/MODLAUNCHER]: Found transformer services : [fml]
[223月2019 12:18:24.327] [main/DEBUG] [cpw.mods.modlauncher.NameMappingServiceHandler/MODLAUNCHER]: Found naming services 
[223月2019 12:18:24.348] [main/DEBUG] [cpw.mods.modlauncher.LaunchPluginHandler/MODLAUNCHER]: Found launch plugins: [eventbus,object_holder_definalize,runtime_enum_extender,capability_inject_definalize,accesstransformer,runtimedistcleaner]
[223月2019 12:18:24.349] [main/DEBUG] [cpw.mods.modlauncher.TransformationServicesHandler/MODLAUNCHER]: Transformation services loading
[223月2019 12:18:24.351] [main/DEBUG] [cpw.mods.modlauncher.TransformationServiceDecorator/MODLAUNCHER]: Loading service fml
[223月2019 12:18:24.354] [main/DEBUG] [net.minecraftforge.fml.loading.LauncherVersion/CORE]: Found FMLLauncher version 25.0
[223月2019 12:18:24.354] [main/DEBUG] [net.minecraftforge.fml.loading.FMLLoader/CORE]: FML 25.0 loading
[223月2019 12:18:24.354] [main/DEBUG] [net.minecraftforge.fml.loading.FMLLoader/CORE]: FML found ModLauncher version : 0.12.1+40+f4037fb
[223月2019 12:18:24.354] [main/DEBUG] [net.minecraftforge.fml.loading.FMLLoader/CORE]: Initializing modjar URL handler
[223月2019 12:18:24.355] [main/DEBUG] [net.minecraftforge.fml.loading.FMLLoader/CORE]: FML found AccessTransformer version : 0.15.0+43+2b9c795
[223月2019 12:18:24.356] [main/DEBUG] [net.minecraftforge.fml.loading.FMLLoader/CORE]: FML found EventBus version : 0.8.0+35+1d68afc
[223月2019 12:18:24.356] [main/DEBUG] [net.minecraftforge.fml.loading.FMLLoader/CORE]: Found Runtime Dist Cleaner
[223月2019 12:18:24.363] [main/DEBUG] [net.minecraftforge.fml.loading.FMLLoader/CORE]: FML found CoreMod version : 0.4.1+18+afaaa7a
[223月2019 12:18:24.364] [main/DEBUG] [net.minecraftforge.fml.loading.FMLLoader/CORE]: Found ForgeSPI package implementation version 0.11.0+23+39a30e8
[223月2019 12:18:24.364] [main/DEBUG] [net.minecraftforge.fml.loading.FMLLoader/CORE]: Found ForgeSPI package specification 2
[223月2019 12:18:24.510] [main/INFO] [net.minecraftforge.fml.loading.FixSSL/CORE]: Added Lets Encrypt root certificates as additional trust
[223月2019 12:18:24.511] [main/DEBUG] [cpw.mods.modlauncher.TransformationServiceDecorator/MODLAUNCHER]: Loaded service fml
[223月2019 12:18:24.512] [main/DEBUG] [cpw.mods.modlauncher.TransformationServicesHandler/MODLAUNCHER]: Configuring option handling for services
